<?xml version="1.0" encoding="UTF-8"?>
<!-- Generated by org.testng.reporters.JUnitReportReporter -->
<testsuite hostname="DESKTOP-25T5UMJ" failures="0" tests="3" name="testCase.BeforeAfterMethod" time="0.008" errors="0" timestamp="2024-10-09T20:46:09 IST" skipped="0">
  <testcase classname="testCase.BeforeAfterMethod" name="testcase01" time="0.003"/>
  <testcase classname="testCase.BeforeAfterMethod" name="testcase03" time="0.003"/>
  <testcase classname="testCase.BeforeAfterMethod" name="testcase02" time="0.002"/>
</testsuite> <!-- testCase.BeforeAfterMethod -->
