<?xml version="1.0" encoding="UTF-8"?>
<!-- Generated by org.testng.reporters.JUnitReportReporter -->
<testsuite hostname="DESKTOP-25T5UMJ" failures="0" tests="5" name="testCase.BasicTestCase" time="0.010" errors="0" timestamp="2024-10-09T20:46:09 IST" skipped="1">
  <testcase classname="testCase.BasicTestCase" name="testcase09" time="0.002"/>
  <testcase classname="testCase.BasicTestCase" name="testcase12" time="0.002"/>
  <testcase classname="testCase.BasicTestCase" name="testcase03" time="0.003"/>
  <testcase classname="testCase.BasicTestCase" name="testcase05" time="0.003"/>
  <testcase classname="testCase.BasicTestCase" name="testcase04">
    <skipped/>
  </testcase> <!-- testcase04 -->
</testsuite> <!-- testCase.BasicTestCase -->
